[debug] [2025-11-10T08:24:01.569Z] ----------------------------------------------------------------------
[debug] [2025-11-10T08:24:01.571Z] Command:       /home/kaustubh/.nvm/versions/node/v24.11.0/bin/node /home/kaustubh/.nvm/versions/node/v24.11.0/bin/firebase deploy --only hosting --project prod-learn-e644d
[debug] [2025-11-10T08:24:01.572Z] CLI Version:   14.24.1
[debug] [2025-11-10T08:24:01.572Z] Platform:      linux
[debug] [2025-11-10T08:24:01.572Z] Node Version:  v24.11.0
[debug] [2025-11-10T08:24:01.572Z] Time:          Mon Nov 10 2025 13:54:01 GMT+0530 (India Standard Time)
[debug] [2025-11-10T08:24:01.572Z] ----------------------------------------------------------------------
[debug] 
[debug] [2025-11-10T08:24:01.792Z] > command requires scopes: ["email","openid","https://www.googleapis.com/auth/cloudplatformprojects.readonly","https://www.googleapis.com/auth/firebase","https://www.googleapis.com/auth/cloud-platform"]
[debug] [2025-11-10T08:24:01.792Z] > authorizing via FIREBASE_TOKEN environment variable
[warn] ⚠  Authenticating with `FIREBASE_TOKEN` is deprecated and will be removed in a future major version of `firebase-tools`. Instead, use a service account key with `GOOGLE_APPLICATION_CREDENTIALS`: https://cloud.google.com/docs/authentication/getting-started 
[debug] [2025-11-10T08:24:01.794Z] [iam] checking project prod-learn-e644d for permissions ["firebase.projects.get","firebasehosting.sites.update"]
[debug] [2025-11-10T08:24:01.795Z] No OAuth tokens found
[debug] [2025-11-10T08:24:01.795Z] No OAuth tokens found
[debug] [2025-11-10T08:24:01.796Z] > refreshing access token with scopes: []
[debug] [2025-11-10T08:24:01.798Z] >>> [apiv2][query] POST https://www.googleapis.com/oauth2/v3/token [none]
[debug] [2025-11-10T08:24:01.799Z] >>> [apiv2][body] POST https://www.googleapis.com/oauth2/v3/token [omitted]
[debug] [2025-11-10T08:24:03.487Z] <<< [apiv2][status] POST https://www.googleapis.com/oauth2/v3/token 400
[debug] [2025-11-10T08:24:03.488Z] <<< [apiv2][body] POST https://www.googleapis.com/oauth2/v3/token [omitted]
[debug] [2025-11-10T08:24:03.488Z] >>> [apiv2][query] POST https://cloudresourcemanager.googleapis.com/v1/projects/prod-learn-e644d:testIamPermissions [none]
[debug] [2025-11-10T08:24:03.488Z] >>> [apiv2][(partial)header] POST https://cloudresourcemanager.googleapis.com/v1/projects/prod-learn-e644d:testIamPermissions x-goog-quota-user=projects/prod-learn-e644d
[debug] [2025-11-10T08:24:03.488Z] >>> [apiv2][body] POST https://cloudresourcemanager.googleapis.com/v1/projects/prod-learn-e644d:testIamPermissions {"permissions":["firebase.projects.get","firebasehosting.sites.update"]}
[debug] [2025-11-10T08:24:06.118Z] <<< [apiv2][status] POST https://cloudresourcemanager.googleapis.com/v1/projects/prod-learn-e644d:testIamPermissions 401
[debug] [2025-11-10T08:24:06.118Z] <<< [apiv2][body] POST https://cloudresourcemanager.googleapis.com/v1/projects/prod-learn-e644d:testIamPermissions {"error":{"code":401,"message":"Request had invalid authentication credentials. Expected OAuth 2 access token, login cookie or other valid authentication credential. See https://developers.google.com/identity/sign-in/web/devconsole-project.","status":"UNAUTHENTICATED","details":[{"@type":"type.googleapis.com/google.rpc.ErrorInfo","reason":"ACCESS_TOKEN_TYPE_UNSUPPORTED","metadata":{"method":"google.cloudresourcemanager.v1.Projects.TestIamPermissions","service":"cloudresourcemanager.googleapis.com"}}]}}
[debug] [2025-11-10T08:24:06.118Z] Got a 401 Unauthenticated error for a call that required authentication. Refreshing tokens.
[debug] [2025-11-10T08:24:06.119Z] No OAuth tokens found
[debug] [2025-11-10T08:24:06.119Z] No OAuth tokens found
[debug] [2025-11-10T08:24:06.119Z] > refreshing access token with scopes: []
[debug] [2025-11-10T08:24:06.119Z] >>> [apiv2][query] POST https://www.googleapis.com/oauth2/v3/token [none]
[debug] [2025-11-10T08:24:06.119Z] >>> [apiv2][body] POST https://www.googleapis.com/oauth2/v3/token [omitted]
[debug] [2025-11-10T08:24:06.312Z] <<< [apiv2][status] POST https://www.googleapis.com/oauth2/v3/token 400
[debug] [2025-11-10T08:24:06.313Z] <<< [apiv2][body] POST https://www.googleapis.com/oauth2/v3/token [omitted]
[debug] [2025-11-10T08:24:06.315Z] [iam] error while checking permissions, command may fail: Request to https://cloudresourcemanager.googleapis.com/v1/projects/prod-learn-e644d:testIamPermissions had HTTP Error: 401, Request had invalid authentication credentials. Expected OAuth 2 access token, login cookie or other valid authentication credential. See https://developers.google.com/identity/sign-in/web/devconsole-project.
[debug] [2025-11-10T08:24:06.316Z] No OAuth tokens found
[debug] [2025-11-10T08:24:06.316Z] >>> [apiv2][query] GET https://firebase.googleapis.com/v1beta1/projects/prod-learn-e644d [none]
[debug] [2025-11-10T08:24:07.222Z] <<< [apiv2][status] GET https://firebase.googleapis.com/v1beta1/projects/prod-learn-e644d 401
[debug] [2025-11-10T08:24:07.222Z] <<< [apiv2][body] GET https://firebase.googleapis.com/v1beta1/projects/prod-learn-e644d {"error":{"code":401,"message":"Request had invalid authentication credentials. Expected OAuth 2 access token, login cookie or other valid authentication credential. See https://developers.google.com/identity/sign-in/web/devconsole-project.","status":"UNAUTHENTICATED"}}
[debug] [2025-11-10T08:24:07.222Z] Got a 401 Unauthenticated error for a call that required authentication. Refreshing tokens.
[debug] [2025-11-10T08:24:07.222Z] No OAuth tokens found
[debug] [2025-11-10T08:24:07.222Z] No OAuth tokens found
[debug] [2025-11-10T08:24:07.223Z] > refreshing access token with scopes: []
[debug] [2025-11-10T08:24:07.223Z] >>> [apiv2][query] POST https://www.googleapis.com/oauth2/v3/token [none]
[debug] [2025-11-10T08:24:07.223Z] >>> [apiv2][body] POST https://www.googleapis.com/oauth2/v3/token [omitted]
[debug] [2025-11-10T08:24:07.578Z] <<< [apiv2][status] POST https://www.googleapis.com/oauth2/v3/token 400
[debug] [2025-11-10T08:24:07.578Z] <<< [apiv2][body] POST https://www.googleapis.com/oauth2/v3/token [omitted]
[debug] [2025-11-10T08:24:07.579Z] Request to https://firebase.googleapis.com/v1beta1/projects/prod-learn-e644d had HTTP Error: 401, Request had invalid authentication credentials. Expected OAuth 2 access token, login cookie or other valid authentication credential. See https://developers.google.com/identity/sign-in/web/devconsole-project.
[error] 
[error] Error: Assertion failed: resolving hosting target of a site with no site name or target name. This should have caused an error earlier
